# JRE version: Java(TM) SE Runtime Environment (8.0_171-b11) (build 1.8.0_171-b11)
# Java VM: Java HotSpot(TM) 64-Bit Server VM (25.171-b11 mixed mode windows-amd64 compressed oops)
Heap:
 PSYoungGen      total 73728K, used 62686K [0x00000000eab00000, 0x00000000efd00000, 0x0000000100000000)
  eden space 64512K, 97% used [0x00000000eab00000,0x00000000ee837ae8,0x00000000eea00000)
  from space 9216K, 0% used [0x00000000eea00000,0x00000000eea00000,0x00000000ef300000)
  to   space 8192K, 0% used [0x00000000ef300000,0x00000000ef300000,0x00000000efb00000)
 ParOldGen       total 58880K, used 26389K [0x00000000c0000000, 0x00000000c3980000, 0x00000000eab00000)
  object space 58880K, 44% used [0x00000000c0000000,0x00000000c19c5618,0x00000000c3980000)
 Metaspace       used 22303K, capacity 22856K, committed 23088K, reserved 1069056K
  class space    used 2661K, capacity 2811K, committed 2864K, reserved 1048576K
GC Heap History (10 events):
Event: 3.768 GC heap before
{Heap before GC invocations=6 (full 0):
 PSYoungGen      total 35328K, used 35320K [0x00000000eab00000, 0x00000000efb00000, 0x0000000100000000)
  eden space 32768K, 100% used [0x00000000eab00000,0x00000000ecb00000,0x00000000ecb00000)
  from space 2560K, 99% used [0x00000000ecb00000,0x00000000ecd7e010,0x00000000ecd80000)
  to   space 8192K, 0% used [0x00000000ef300000,0x00000000ef300000,0x00000000efb00000)
 ParOldGen       total 44032K, used 11279K [0x00000000c0000000, 0x00000000c2b00000, 0x00000000eab00000)
  object space 44032K, 25% used [0x00000000c0000000,0x00000000c0b03c50,0x00000000c2b00000)
 Metaspace       used 15354K, capacity 15674K, committed 15872K, reserved 1062912K
  class space    used 1860K, capacity 1945K, committed 2048K, reserved 1048576K
Event: 3.787 GC heap after
Heap after GC invocations=6 (full 0):
 PSYoungGen      total 72704K, used 7020K [0x00000000eab00000, 0x00000000efd00000, 0x0000000100000000)
  eden space 64512K, 0% used [0x00000000eab00000,0x00000000eab00000,0x00000000eea00000)
  from space 8192K, 85% used [0x00000000ef300000,0x00000000ef9db278,0x00000000efb00000)
  to   space 9216K, 0% used [0x00000000eea00000,0x00000000eea00000,0x00000000ef300000)
 ParOldGen       total 44032K, used 11287K [0x00000000c0000000, 0x00000000c2b00000, 0x00000000eab00000)
  object space 44032K, 25% used [0x00000000c0000000,0x00000000c0b05c50,0x00000000c2b00000)
 Metaspace       used 15354K, capacity 15674K, committed 15872K, reserved 1062912K
  class space    used 1860K, capacity 1945K, committed 2048K, reserved 1048576K
}
Event: 5.368 GC heap before
{Heap before GC invocations=7 (full 0):
 PSYoungGen      total 72704K, used 71532K [0x00000000eab00000, 0x00000000efd00000, 0x0000000100000000)
  eden space 64512K, 100% used [0x00000000eab00000,0x00000000eea00000,0x00000000eea00000)
  from space 8192K, 85% used [0x00000000ef300000,0x00000000ef9db278,0x00000000efb00000)
  to   space 9216K, 0% used [0x00000000eea00000,0x00000000eea00000,0x00000000ef300000)
 ParOldGen       total 44032K, used 11287K [0x00000000c0000000, 0x00000000c2b00000, 0x00000000eab00000)
  object space 44032K, 25% used [0x00000000c0000000,0x00000000c0b05c50,0x00000000c2b00000)
 Metaspace       used 15773K, capacity 16088K, committed 16384K, reserved 1062912K
  class space    used 1874K, capacity 1950K, committed 2048K, reserved 1048576K
Event: 5.399 GC heap after
Heap after GC invocations=7 (full 0):
 PSYoungGen      total 73728K, used 9184K [0x00000000eab00000, 0x00000000efd00000, 0x0000000100000000)
  eden space 64512K, 0% used [0x00000000eab00000,0x00000000eab00000,0x00000000eea00000)
  from space 9216K, 99% used [0x00000000eea00000,0x00000000ef2f8020,0x00000000ef300000)
  to   space 8192K, 0% used [0x00000000ef300000,0x00000000ef300000,0x00000000efb00000)
 ParOldGen       total 44032K, used 14411K [0x00000000c0000000, 0x00000000c2b00000, 0x00000000eab00000)
  object space 44032K, 32% used [0x00000000c0000000,0x00000000c0e12cd0,0x00000000c2b00000)
 Metaspace       used 15773K, capacity 16088K, committed 16384K, reserved 1062912K
  class space    used 1874K, capacity 1950K, committed 2048K, reserved 1048576K
}
Event: 8.241 GC heap before
{Heap before GC invocations=8 (full 0):
 PSYoungGen      total 73728K, used 73696K [0x00000000eab00000, 0x00000000efd00000, 0x0000000100000000)
  eden space 64512K, 100% used [0x00000000eab00000,0x00000000eea00000,0x00000000eea00000)
  from space 9216K, 99% used [0x00000000eea00000,0x00000000ef2f8020,0x00000000ef300000)
  to   space 8192K, 0% used [0x00000000ef300000,0x00000000ef300000,0x00000000efb00000)
 ParOldGen       total 44032K, used 14411K [0x00000000c0000000, 0x00000000c2b00000, 0x00000000eab00000)
  object space 44032K, 32% used [0x00000000c0000000,0x00000000c0e12cd0,0x00000000c2b00000)
 Metaspace       used 17218K, capacity 17618K, committed 17792K, reserved 1064960K
  class space    used 2007K, capacity 2097K, committed 2176K, reserved 1048576K
Event: 8.275 GC heap after
Heap after GC invocations=8 (full 0):
 PSYoungGen      total 72704K, used 8176K [0x00000000eab00000, 0x00000000efd00000, 0x0000000100000000)
  eden space 64512K, 0% used [0x00000000eab00000,0x00000000eab00000,0x00000000eea00000)
  from space 8192K, 99% used [0x00000000ef300000,0x00000000efafc010,0x00000000efb00000)
  to   space 9216K, 0% used [0x00000000eea00000,0x00000000eea00000,0x00000000ef300000)
 ParOldGen       total 44032K, used 20036K [0x00000000c0000000, 0x00000000c2b00000, 0x00000000eab00000)
  object space 44032K, 45% used [0x00000000c0000000,0x00000000c1391228,0x00000000c2b00000)
 Metaspace       used 17218K, capacity 17618K, committed 17792K, reserved 1064960K
  class space    used 2007K, capacity 2097K, committed 2176K, reserved 1048576K
}
Event: 15.220 GC heap before
{Heap before GC invocations=9 (full 0):
 PSYoungGen      total 72704K, used 60785K [0x00000000eab00000, 0x00000000efd00000, 0x0000000100000000)
  eden space 64512K, 81% used [0x00000000eab00000,0x00000000ede60670,0x00000000eea00000)
  from space 8192K, 99% used [0x00000000ef300000,0x00000000efafc010,0x00000000efb00000)
  to   space 9216K, 0% used [0x00000000eea00000,0x00000000eea00000,0x00000000ef300000)
 ParOldGen       total 44032K, used 20036K [0x00000000c0000000, 0x00000000c2b00000, 0x00000000eab00000)
  object space 44032K, 45% used [0x00000000c0000000,0x00000000c1391228,0x00000000c2b00000)
 Metaspace       used 20676K, capacity 21170K, committed 21296K, reserved 1069056K
  class space    used 2446K, capacity 2570K, committed 2608K, reserved 1048576K
Event: 15.247 GC heap after
Heap after GC invocations=9 (full 0):
 PSYoungGen      total 73728K, used 9193K [0x00000000eab00000, 0x00000000efd00000, 0x0000000100000000)
  eden space 64512K, 0% used [0x00000000eab00000,0x00000000eab00000,0x00000000eea00000)
  from space 9216K, 99% used [0x00000000eea00000,0x00000000ef2fa4e8,0x00000000ef300000)
  to   space 8192K, 0% used [0x00000000ef300000,0x00000000ef300000,0x00000000efb00000)
 ParOldGen       total 44032K, used 24768K [0x00000000c0000000, 0x00000000c2b00000, 0x00000000eab00000)
  object space 44032K, 56% used [0x00000000c0000000,0x00000000c1830040,0x00000000c2b00000)
 Metaspace       used 20676K, capacity 21170K, committed 21296K, reserved 1069056K
  class space    used 2446K, capacity 2570K, committed 2608K, reserved 1048576K
}
Event: 15.247 GC heap before
{Heap before GC invocations=10 (full 1):
 PSYoungGen      total 73728K, used 9193K [0x00000000eab00000, 0x00000000efd00000, 0x0000000100000000)
  eden space 64512K, 0% used [0x00000000eab00000,0x00000000eab00000,0x00000000eea00000)
  from space 9216K, 99% used [0x00000000eea00000,0x00000000ef2fa4e8,0x00000000ef300000)
  to   space 8192K, 0% used [0x00000000ef300000,0x00000000ef300000,0x00000000efb00000)
 ParOldGen       total 44032K, used 24768K [0x00000000c0000000, 0x00000000c2b00000, 0x00000000eab00000)
  object space 44032K, 56% used [0x00000000c0000000,0x00000000c1830040,0x00000000c2b00000)
 Metaspace       used 20676K, capacity 21170K, committed 21296K, reserved 1069056K
  class space    used 2446K, capacity 2570K, committed 2608K, reserved 1048576K
Event: 15.479 GC heap after
Heap after GC invocations=10 (full 1):
 PSYoungGen      total 73728K, used 0K [0x00000000eab00000, 0x00000000efd00000, 0x0000000100000000)
  eden space 64512K, 0% used [0x00000000eab00000,0x00000000eab00000,0x00000000eea00000)
  from space 9216K, 0% used [0x00000000eea00000,0x00000000eea00000,0x00000000ef300000)
  to   space 8192K, 0% used [0x00000000ef300000,0x00000000ef300000,0x00000000efb00000)
 ParOldGen       total 58880K, used 26389K [0x00000000c0000000, 0x00000000c3980000, 0x00000000eab00000)
  object space 58880K, 44% used [0x00000000c0000000,0x00000000c19c5618,0x00000000c3980000)
 Metaspace       used 20676K, capacity 21170K, committed 21296K, reserved 1069056K
  class space    used 2446K, capacity 2570K, committed 2608K, reserved 1048576K
}

